<?xml version="1.0" encoding="UTF-8"?>
<!-- Generated by org.testng.reporters.JUnitXMLReporter -->
<testsuite ignored="0" hostname="DESKTOP-GBMU59R" failures="0" tests="6" name="Chrome Test" time="46.007" errors="0" timestamp="2024-06-16T02:40:10 IST">
  <testcase classname="com.qalegend.tests.LoginPageTest" name="verifyUserLogin" time="3.828"/>
  <testcase classname="com.qalegend.tests.LoginPageTest" name="verifyUserLoginWithInvalidCredentials" time="0.921"/>
  <testcase classname="com.qalegend.tests.LoginPageTest" name="verifyUserLoginWithInvalidCredentials" time="1.0"/>
  <testcase classname="com.qalegend.tests.LoginPageTest" name="verifyUserLoginWithInvalidCredentials" time="0.902"/>
  <testcase classname="com.qalegend.tests.ResetPasswordPageTest" name="veriyErrorMessageWithInvalidMailId" time="1.445"/>
  <testcase classname="com.qalegend.tests.ResetPasswordPageTest" name="veriySuccessMessageWithValidMailId" time="1.724"/>
</testsuite> <!-- Chrome Test -->
