<?xml version="1.0" encoding="UTF-8"?>
<!-- Generated by org.testng.reporters.JUnitXMLReporter -->
<testsuite ignored="0" hostname="DESKTOP-GBMU59R" failures="0" tests="3" name="Edge Test" time="38.744" errors="0" timestamp="2024-06-16T02:46:52 IST">
  <testcase classname="com.qalegend.tests.HomePageTest" name="VerifyHomePageTitle" time="3.835"/>
  <testcase classname="com.qalegend.tests.HomePageTest" name="verifyUserLoginDate" time="2.68"/>
  <testcase classname="com.qalegend.tests.ProductsPageTest" name="VerifyProductsFilter" time="7.841"/>
</testsuite> <!-- Edge Test -->
