<?xml version="1.0" encoding="UTF-8"?>
<!-- Generated by org.testng.reporters.JUnitXMLReporter -->
<testsuite ignored="0" hostname="DESKTOP-GBMU59R" failures="0" tests="6" name="LoginPage Test" time="53.459" errors="0" timestamp="2024-06-16T01:07:44 IST">
  <testcase classname="com.qalegend.tests.LoginPageTest" name="verifyUserLogin" time="6.308"/>
  <testcase classname="com.qalegend.tests.LoginPageTest" name="verifyUserLoginWithInvalidCredentials" time="1.063"/>
  <testcase classname="com.qalegend.tests.LoginPageTest" name="verifyUserLoginWithInvalidCredentials" time="1.197"/>
  <testcase classname="com.qalegend.tests.LoginPageTest" name="verifyUserLoginWithInvalidCredentials" time="1.08"/>
  <testcase classname="com.qalegend.tests.ResetPasswordPageTest" name="veriyErrorMessageWithInvalidMailId" time="1.828"/>
  <testcase classname="com.qalegend.tests.ResetPasswordPageTest" name="veriySuccessMessageWithValidMailId" time="2.185"/>
</testsuite> <!-- LoginPage Test -->
