<?xml version="1.0" encoding="UTF-8"?>
<!-- Generated by org.testng.reporters.JUnitXMLReporter -->
<testsuite ignored="0" hostname="DESKTOP-GBMU59R" failures="0" tests="4" name="LoginPage Test" time="63.824" errors="0" timestamp="2024-06-20T20:18:08 IST">
  <testcase classname="com.qalegend.tests.LoginPageTest" name="verifyUserLogin" time="6.667"/>
  <testcase classname="com.qalegend.tests.LoginPageTest" name="verifyUserLoginWithInvalidCredentials" time="2.118"/>
  <testcase classname="com.qalegend.tests.LoginPageTest" name="verifyUserLoginWithInvalidCredentials" time="0.87"/>
  <testcase classname="com.qalegend.tests.LoginPageTest" name="verifyUserLoginWithInvalidCredentials" time="1.278"/>
</testsuite> <!-- LoginPage Test -->
