<?xml version="1.0" encoding="UTF-8"?>
<!-- Generated by org.testng.reporters.JUnitXMLReporter -->
<testsuite ignored="0" hostname="DESKTOP-GBMU59R" failures="0" tests="13" name="QaLegend Test" time="162.264" errors="0" timestamp="2024-06-21T10:09:22 IST">
  <testcase classname="com.qalegend.tests.LoginPageTest" name="verifyUserLogin" time="3.841"/>
  <testcase classname="com.qalegend.tests.LoginPageTest" name="verifyUserLoginWithInvalidCredentials" time="0.77"/>
  <testcase classname="com.qalegend.tests.LoginPageTest" name="verifyUserLoginWithInvalidCredentials" time="0.908"/>
  <testcase classname="com.qalegend.tests.LoginPageTest" name="verifyUserLoginWithInvalidCredentials" time="0.88"/>
  <testcase classname="com.qalegend.tests.ResetPasswordPageTest" name="veriyErrorMessageWithInvalidMailId" time="1.255"/>
  <testcase classname="com.qalegend.tests.ResetPasswordPageTest" name="veriySuccessMessageWithValidMailId" time="1.608"/>
  <testcase classname="com.qalegend.tests.HomePageTest" name="VerifyHomePageTitle" time="3.136"/>
  <testcase classname="com.qalegend.tests.HomePageTest" name="verifyUserLoginDate" time="2.649"/>
  <testcase classname="com.qalegend.tests.UserManagementPageTest" name="verifyUserManagementUserOptions" time="4.312"/>
  <testcase classname="com.qalegend.tests.UsersPageTest" name="verifyAddUser" time="9.158"/>
  <testcase classname="com.qalegend.tests.UsersPageTest" name="veriyLoginWithNewlyAddedUser" time="12.143"/>
  <testcase classname="com.qalegend.tests.BookingsPageTest" name="verifyBookingListWithoutAnyBooking" time="7.417"/>
  <testcase classname="com.qalegend.tests.ProductsPageTest" name="verifyProductsFilter" time="5.857"/>
</testsuite> <!-- QaLegend Test -->
