<?xml version="1.0" encoding="UTF-8"?>
<!-- Generated by org.testng.reporters.JUnitXMLReporter -->
<testsuite ignored="0" hostname="DESKTOP-GBMU59R" failures="0" tests="3" name="UserManagementPage Test" time="67.024" errors="0" timestamp="2024-06-16T01:09:12 IST">
  <testcase classname="com.qalegend.tests.UserManagementPageTest" name="verifyUserManagementUserOptions" time="4.527"/>
  <testcase classname="com.qalegend.tests.UsersPageTest" name="verifyAddUser" time="12.889"/>
  <testcase classname="com.qalegend.tests.UsersPageTest" name="veriyLoginWithNewlyAddedUser" time="17.143"/>
</testsuite> <!-- UserManagementPage Test -->
