<?xml version="1.0" encoding="UTF-8"?>
<testng-results ignored="0" total="13" passed="13" failed="0" skipped="0">
  <reporter-output>
  </reporter-output>
  <suite started-at="2024-06-21T10:06:39 IST" name="QaLegend Suite" finished-at="2024-06-21T10:09:22 IST" duration-ms="162264">
    <groups>
      <group name="Sanity">
        <method signature="HomePageTest.VerifyHomePageTitle()[pri:0, instance:com.qalegend.tests.HomePageTest@5b799640]" name="VerifyHomePageTitle" class="com.qalegend.tests.HomePageTest"/>
        <method signature="ResetPasswordPageTest.veriyErrorMessageWithInvalidMailId()[pri:0, instance:com.qalegend.tests.ResetPasswordPageTest@4201c465]" name="veriyErrorMessageWithInvalidMailId" class="com.qalegend.tests.ResetPasswordPageTest"/>
      </group> <!-- Sanity -->
      <group name="Regression">
        <method signature="HomePageTest.verifyUserLoginDate()[pri:0, instance:com.qalegend.tests.HomePageTest@5b799640]" name="verifyUserLoginDate" class="com.qalegend.tests.HomePageTest"/>
        <method signature="ResetPasswordPageTest.veriyErrorMessageWithInvalidMailId()[pri:0, instance:com.qalegend.tests.ResetPasswordPageTest@4201c465]" name="veriyErrorMessageWithInvalidMailId" class="com.qalegend.tests.ResetPasswordPageTest"/>
        <method signature="ResetPasswordPageTest.veriySuccessMessageWithValidMailId()[pri:0, instance:com.qalegend.tests.ResetPasswordPageTest@4201c465]" name="veriySuccessMessageWithValidMailId" class="com.qalegend.tests.ResetPasswordPageTest"/>
      </group> <!-- Regression -->
      <group name="Smoke">
        <method signature="UsersPageTest.verifyAddUser()[pri:0, instance:com.qalegend.tests.UsersPageTest@2ab4bc72]" name="verifyAddUser" class="com.qalegend.tests.UsersPageTest"/>
      </group> <!-- Smoke -->
    </groups>
    <test started-at="2024-06-21T10:06:39 IST" name="QaLegend Test" finished-at="2024-06-21T10:09:22 IST" duration-ms="162264">
      <class name="com.qalegend.tests.BookingsPageTest">
        <test-method is-config="true" signature="setup(java.lang.String,java.lang.String)[pri:0, instance:com.qalegend.tests.BookingsPageTest@4e5ed836]" started-at="2024-06-21T10:08:53 IST" name="setup" finished-at="2024-06-21T10:09:00 IST" duration-ms="6931" status="PASS">
          <params>
            <param index="0">
              <value>
                <![CDATA[Chrome]]>
              </value>
            </param>
            <param index="1">
              <value>
                <![CDATA[https://qalegend.com/billing/public/login]]>
              </value>
            </param>
          </params>
          <reporter-output>
          </reporter-output>
        </test-method> <!-- setup -->
        <test-method signature="verifyBookingListWithoutAnyBooking()[pri:0, instance:com.qalegend.tests.BookingsPageTest@4e5ed836]" started-at="2024-06-21T10:09:00 IST" name="verifyBookingListWithoutAnyBooking" description="Verification of empty booking list" finished-at="2024-06-21T10:09:08 IST" duration-ms="7417" status="PASS">
          <reporter-output>
          </reporter-output>
        </test-method> <!-- verifyBookingListWithoutAnyBooking -->
        <test-method is-config="true" signature="closeBrowser(org.testng.ITestResult)[pri:0, instance:com.qalegend.tests.BookingsPageTest@4e5ed836]" started-at="2024-06-21T10:09:08 IST" name="closeBrowser" finished-at="2024-06-21T10:09:08 IST" duration-ms="237" status="PASS">
          <params>
            <param index="0">
              <value>
                <![CDATA[[TestResult name=verifyBookingListWithoutAnyBooking status=SUCCESS method=BookingsPageTest.verifyBookingListWithoutAnyBooking()[pri:0, instance:com.qalegend.tests.BookingsPageTest@4e5ed836] output={null}]]]>
              </value>
            </param>
          </params>
          <reporter-output>
          </reporter-output>
        </test-method> <!-- closeBrowser -->
      </class> <!-- com.qalegend.tests.BookingsPageTest -->
      <class name="com.qalegend.tests.UserManagementPageTest">
        <test-method is-config="true" signature="setup(java.lang.String,java.lang.String)[pri:0, instance:com.qalegend.tests.UserManagementPageTest@6cb107fd]" started-at="2024-06-21T10:08:05 IST" name="setup" finished-at="2024-06-21T10:08:11 IST" duration-ms="6464" status="PASS">
          <params>
            <param index="0">
              <value>
                <![CDATA[Chrome]]>
              </value>
            </param>
            <param index="1">
              <value>
                <![CDATA[https://qalegend.com/billing/public/login]]>
              </value>
            </param>
          </params>
          <reporter-output>
          </reporter-output>
        </test-method> <!-- setup -->
        <test-method signature="verifyUserManagementUserOptions()[pri:0, instance:com.qalegend.tests.UserManagementPageTest@6cb107fd]" started-at="2024-06-21T10:08:11 IST" name="verifyUserManagementUserOptions" description="Verification of User options availability" finished-at="2024-06-21T10:08:16 IST" duration-ms="4312" status="PASS">
          <reporter-output>
          </reporter-output>
        </test-method> <!-- verifyUserManagementUserOptions -->
        <test-method is-config="true" signature="closeBrowser(org.testng.ITestResult)[pri:0, instance:com.qalegend.tests.UserManagementPageTest@6cb107fd]" started-at="2024-06-21T10:08:16 IST" name="closeBrowser" finished-at="2024-06-21T10:08:16 IST" duration-ms="227" status="PASS">
          <params>
            <param index="0">
              <value>
                <![CDATA[[TestResult name=verifyUserManagementUserOptions status=SUCCESS method=UserManagementPageTest.verifyUserManagementUserOptions()[pri:0, instance:com.qalegend.tests.UserManagementPageTest@6cb107fd] output={null}]]]>
              </value>
            </param>
          </params>
          <reporter-output>
          </reporter-output>
        </test-method> <!-- closeBrowser -->
      </class> <!-- com.qalegend.tests.UserManagementPageTest -->
      <class name="com.qalegend.tests.ResetPasswordPageTest">
        <test-method is-config="true" signature="setup(java.lang.String,java.lang.String)[pri:0, instance:com.qalegend.tests.ResetPasswordPageTest@4201c465]" started-at="2024-06-21T10:07:23 IST" name="setup" finished-at="2024-06-21T10:07:31 IST" duration-ms="8210" status="PASS">
          <params>
            <param index="0">
              <value>
                <![CDATA[Chrome]]>
              </value>
            </param>
            <param index="1">
              <value>
                <![CDATA[https://qalegend.com/billing/public/login]]>
              </value>
            </param>
          </params>
          <reporter-output>
          </reporter-output>
        </test-method> <!-- setup -->
        <test-method signature="veriyErrorMessageWithInvalidMailId()[pri:0, instance:com.qalegend.tests.ResetPasswordPageTest@4201c465]" started-at="2024-06-21T10:07:31 IST" name="veriyErrorMessageWithInvalidMailId" description="Invalid mail id verification" finished-at="2024-06-21T10:07:32 IST" duration-ms="1255" status="PASS">
          <reporter-output>
          </reporter-output>
        </test-method> <!-- veriyErrorMessageWithInvalidMailId -->
        <test-method is-config="true" signature="closeBrowser(org.testng.ITestResult)[pri:0, instance:com.qalegend.tests.ResetPasswordPageTest@4201c465]" started-at="2024-06-21T10:07:32 IST" name="closeBrowser" finished-at="2024-06-21T10:07:32 IST" duration-ms="197" status="PASS">
          <params>
            <param index="0">
              <value>
                <![CDATA[[TestResult name=veriyErrorMessageWithInvalidMailId status=SUCCESS method=ResetPasswordPageTest.veriyErrorMessageWithInvalidMailId()[pri:0, instance:com.qalegend.tests.ResetPasswordPageTest@4201c465] output={null}]]]>
              </value>
            </param>
          </params>
          <reporter-output>
          </reporter-output>
        </test-method> <!-- closeBrowser -->
        <test-method is-config="true" signature="setup(java.lang.String,java.lang.String)[pri:0, instance:com.qalegend.tests.ResetPasswordPageTest@4201c465]" started-at="2024-06-21T10:07:32 IST" name="setup" finished-at="2024-06-21T10:07:40 IST" duration-ms="7386" status="PASS">
          <params>
            <param index="0">
              <value>
                <![CDATA[Chrome]]>
              </value>
            </param>
            <param index="1">
              <value>
                <![CDATA[https://qalegend.com/billing/public/login]]>
              </value>
            </param>
          </params>
          <reporter-output>
          </reporter-output>
        </test-method> <!-- setup -->
        <test-method signature="veriySuccessMessageWithValidMailId()[pri:0, instance:com.qalegend.tests.ResetPasswordPageTest@4201c465]" started-at="2024-06-21T10:07:40 IST" name="veriySuccessMessageWithValidMailId" description="Valid mail id verification" finished-at="2024-06-21T10:07:41 IST" duration-ms="1608" status="PASS">
          <reporter-output>
          </reporter-output>
        </test-method> <!-- veriySuccessMessageWithValidMailId -->
        <test-method is-config="true" signature="closeBrowser(org.testng.ITestResult)[pri:0, instance:com.qalegend.tests.ResetPasswordPageTest@4201c465]" started-at="2024-06-21T10:07:41 IST" name="closeBrowser" finished-at="2024-06-21T10:07:42 IST" duration-ms="192" status="PASS">
          <params>
            <param index="0">
              <value>
                <![CDATA[[TestResult name=veriySuccessMessageWithValidMailId status=SUCCESS method=ResetPasswordPageTest.veriySuccessMessageWithValidMailId()[pri:0, instance:com.qalegend.tests.ResetPasswordPageTest@4201c465] output={null}]]]>
              </value>
            </param>
          </params>
          <reporter-output>
          </reporter-output>
        </test-method> <!-- closeBrowser -->
      </class> <!-- com.qalegend.tests.ResetPasswordPageTest -->
      <class name="com.qalegend.tests.HomePageTest">
        <test-method is-config="true" signature="setup(java.lang.String,java.lang.String)[pri:0, instance:com.qalegend.tests.HomePageTest@5b799640]" started-at="2024-06-21T10:07:42 IST" name="setup" finished-at="2024-06-21T10:07:50 IST" duration-ms="8847" status="PASS">
          <params>
            <param index="0">
              <value>
                <![CDATA[Chrome]]>
              </value>
            </param>
            <param index="1">
              <value>
                <![CDATA[https://qalegend.com/billing/public/login]]>
              </value>
            </param>
          </params>
          <reporter-output>
          </reporter-output>
        </test-method> <!-- setup -->
        <test-method signature="VerifyHomePageTitle()[pri:0, instance:com.qalegend.tests.HomePageTest@5b799640]" started-at="2024-06-21T10:07:50 IST" name="VerifyHomePageTitle" description="Verification of home page title" finished-at="2024-06-21T10:07:54 IST" duration-ms="3136" status="PASS">
          <reporter-output>
          </reporter-output>
        </test-method> <!-- VerifyHomePageTitle -->
        <test-method is-config="true" signature="closeBrowser(org.testng.ITestResult)[pri:0, instance:com.qalegend.tests.HomePageTest@5b799640]" started-at="2024-06-21T10:07:54 IST" name="closeBrowser" finished-at="2024-06-21T10:07:54 IST" duration-ms="263" status="PASS">
          <params>
            <param index="0">
              <value>
                <![CDATA[[TestResult name=VerifyHomePageTitle status=SUCCESS method=HomePageTest.VerifyHomePageTitle()[pri:0, instance:com.qalegend.tests.HomePageTest@5b799640] output={null}]]]>
              </value>
            </param>
          </params>
          <reporter-output>
          </reporter-output>
        </test-method> <!-- closeBrowser -->
        <test-method is-config="true" signature="setup(java.lang.String,java.lang.String)[pri:0, instance:com.qalegend.tests.HomePageTest@5b799640]" started-at="2024-06-21T10:07:54 IST" name="setup" finished-at="2024-06-21T10:08:02 IST" duration-ms="8138" status="PASS">
          <params>
            <param index="0">
              <value>
                <![CDATA[Chrome]]>
              </value>
            </param>
            <param index="1">
              <value>
                <![CDATA[https://qalegend.com/billing/public/login]]>
              </value>
            </param>
          </params>
          <reporter-output>
          </reporter-output>
        </test-method> <!-- setup -->
        <test-method signature="verifyUserLoginDate()[pri:0, instance:com.qalegend.tests.HomePageTest@5b799640]" started-at="2024-06-21T10:08:02 IST" name="verifyUserLoginDate" description="Verification of user login date" finished-at="2024-06-21T10:08:05 IST" duration-ms="2649" status="PASS">
          <reporter-output>
          </reporter-output>
        </test-method> <!-- verifyUserLoginDate -->
        <test-method is-config="true" signature="closeBrowser(org.testng.ITestResult)[pri:0, instance:com.qalegend.tests.HomePageTest@5b799640]" started-at="2024-06-21T10:08:05 IST" name="closeBrowser" finished-at="2024-06-21T10:08:05 IST" duration-ms="236" status="PASS">
          <params>
            <param index="0">
              <value>
                <![CDATA[[TestResult name=verifyUserLoginDate status=SUCCESS method=HomePageTest.verifyUserLoginDate()[pri:0, instance:com.qalegend.tests.HomePageTest@5b799640] output={null}]]]>
              </value>
            </param>
          </params>
          <reporter-output>
          </reporter-output>
        </test-method> <!-- closeBrowser -->
      </class> <!-- com.qalegend.tests.HomePageTest -->
      <class name="com.qalegend.tests.ProductsPageTest">
        <test-method is-config="true" signature="setup(java.lang.String,java.lang.String)[pri:0, instance:com.qalegend.tests.ProductsPageTest@eadd4fb]" started-at="2024-06-21T10:09:08 IST" name="setup" finished-at="2024-06-21T10:09:16 IST" duration-ms="7750" status="PASS">
          <params>
            <param index="0">
              <value>
                <![CDATA[Chrome]]>
              </value>
            </param>
            <param index="1">
              <value>
                <![CDATA[https://qalegend.com/billing/public/login]]>
              </value>
            </param>
          </params>
          <reporter-output>
          </reporter-output>
        </test-method> <!-- setup -->
        <test-method signature="verifyProductsFilter()[pri:0, instance:com.qalegend.tests.ProductsPageTest@eadd4fb]" started-at="2024-06-21T10:09:16 IST" name="verifyProductsFilter" description="Verification of Products filtering " finished-at="2024-06-21T10:09:21 IST" duration-ms="5857" status="PASS">
          <reporter-output>
          </reporter-output>
        </test-method> <!-- verifyProductsFilter -->
        <test-method is-config="true" signature="closeBrowser(org.testng.ITestResult)[pri:0, instance:com.qalegend.tests.ProductsPageTest@eadd4fb]" started-at="2024-06-21T10:09:21 IST" name="closeBrowser" finished-at="2024-06-21T10:09:22 IST" duration-ms="187" status="PASS">
          <params>
            <param index="0">
              <value>
                <![CDATA[[TestResult name=verifyProductsFilter status=SUCCESS method=ProductsPageTest.verifyProductsFilter()[pri:0, instance:com.qalegend.tests.ProductsPageTest@eadd4fb] output={null}]]]>
              </value>
            </param>
          </params>
          <reporter-output>
          </reporter-output>
        </test-method> <!-- closeBrowser -->
      </class> <!-- com.qalegend.tests.ProductsPageTest -->
      <class name="com.qalegend.tests.LoginPageTest">
        <test-method is-config="true" signature="setup(java.lang.String,java.lang.String)[pri:0, instance:com.qalegend.tests.LoginPageTest@4a003cbe]" started-at="2024-06-21T10:06:39 IST" name="setup" finished-at="2024-06-21T10:06:48 IST" duration-ms="8128" status="PASS">
          <params>
            <param index="0">
              <value>
                <![CDATA[Chrome]]>
              </value>
            </param>
            <param index="1">
              <value>
                <![CDATA[https://qalegend.com/billing/public/login]]>
              </value>
            </param>
          </params>
          <reporter-output>
          </reporter-output>
        </test-method> <!-- setup -->
        <test-method signature="verifyUserLogin()[pri:0, instance:com.qalegend.tests.LoginPageTest@4a003cbe]" started-at="2024-06-21T10:06:48 IST" name="verifyUserLogin" description="Verification of User login with valid credentials" finished-at="2024-06-21T10:06:51 IST" duration-ms="3841" status="PASS">
          <reporter-output>
          </reporter-output>
        </test-method> <!-- verifyUserLogin -->
        <test-method is-config="true" signature="closeBrowser(org.testng.ITestResult)[pri:0, instance:com.qalegend.tests.LoginPageTest@4a003cbe]" started-at="2024-06-21T10:06:51 IST" name="closeBrowser" finished-at="2024-06-21T10:06:52 IST" duration-ms="276" status="PASS">
          <params>
            <param index="0">
              <value>
                <![CDATA[[TestResult name=verifyUserLogin status=SUCCESS method=LoginPageTest.verifyUserLogin()[pri:0, instance:com.qalegend.tests.LoginPageTest@4a003cbe] output={null}]]]>
              </value>
            </param>
          </params>
          <reporter-output>
          </reporter-output>
        </test-method> <!-- closeBrowser -->
        <test-method is-config="true" signature="setup(java.lang.String,java.lang.String)[pri:0, instance:com.qalegend.tests.LoginPageTest@4a003cbe]" started-at="2024-06-21T10:06:52 IST" name="setup" finished-at="2024-06-21T10:07:00 IST" duration-ms="8310" status="PASS">
          <params>
            <param index="0">
              <value>
                <![CDATA[Chrome]]>
              </value>
            </param>
            <param index="1">
              <value>
                <![CDATA[https://qalegend.com/billing/public/login]]>
              </value>
            </param>
          </params>
          <reporter-output>
          </reporter-output>
        </test-method> <!-- setup -->
        <test-method signature="verifyUserLoginWithInvalidCredentials(java.lang.String,java.lang.String)[pri:0, instance:com.qalegend.tests.LoginPageTest@4a003cbe]" started-at="2024-06-21T10:07:00 IST" name="verifyUserLoginWithInvalidCredentials" description="Verification of User login with invalid credentials" data-provider="InvalidLoginUserCredentials" finished-at="2024-06-21T10:07:01 IST" duration-ms="770" status="PASS">
          <params>
            <param index="0">
              <value>
                <![CDATA[admi]]>
              </value>
            </param>
            <param index="1">
              <value>
                <![CDATA[123456]]>
              </value>
            </param>
          </params>
          <reporter-output>
          </reporter-output>
        </test-method> <!-- verifyUserLoginWithInvalidCredentials -->
        <test-method is-config="true" signature="closeBrowser(org.testng.ITestResult)[pri:0, instance:com.qalegend.tests.LoginPageTest@4a003cbe]" started-at="2024-06-21T10:07:01 IST" name="closeBrowser" finished-at="2024-06-21T10:07:01 IST" duration-ms="190" status="PASS">
          <params>
            <param index="0">
              <value>
                <![CDATA[[TestResult name=verifyUserLoginWithInvalidCredentials status=SUCCESS method=LoginPageTest.verifyUserLoginWithInvalidCredentials(java.lang.String,java.lang.String)[pri:0, instance:com.qalegend.tests.LoginPageTest@4a003cbe] output={null}]]]>
              </value>
            </param>
          </params>
          <reporter-output>
          </reporter-output>
        </test-method> <!-- closeBrowser -->
        <test-method is-config="true" signature="setup(java.lang.String,java.lang.String)[pri:0, instance:com.qalegend.tests.LoginPageTest@4a003cbe]" started-at="2024-06-21T10:07:01 IST" name="setup" finished-at="2024-06-21T10:07:08 IST" duration-ms="7473" status="PASS">
          <params>
            <param index="0">
              <value>
                <![CDATA[Chrome]]>
              </value>
            </param>
            <param index="1">
              <value>
                <![CDATA[https://qalegend.com/billing/public/login]]>
              </value>
            </param>
          </params>
          <reporter-output>
          </reporter-output>
        </test-method> <!-- setup -->
        <test-method signature="verifyUserLoginWithInvalidCredentials(java.lang.String,java.lang.String)[pri:0, instance:com.qalegend.tests.LoginPageTest@4a003cbe]" started-at="2024-06-21T10:07:08 IST" name="verifyUserLoginWithInvalidCredentials" description="Verification of User login with invalid credentials" data-provider="InvalidLoginUserCredentials" finished-at="2024-06-21T10:07:09 IST" duration-ms="908" status="PASS">
          <params>
            <param index="0">
              <value>
                <![CDATA[admin]]>
              </value>
            </param>
            <param index="1">
              <value>
                <![CDATA[12345]]>
              </value>
            </param>
          </params>
          <reporter-output>
          </reporter-output>
        </test-method> <!-- verifyUserLoginWithInvalidCredentials -->
        <test-method is-config="true" signature="closeBrowser(org.testng.ITestResult)[pri:0, instance:com.qalegend.tests.LoginPageTest@4a003cbe]" started-at="2024-06-21T10:07:09 IST" name="closeBrowser" finished-at="2024-06-21T10:07:10 IST" duration-ms="181" status="PASS">
          <params>
            <param index="0">
              <value>
                <![CDATA[[TestResult name=verifyUserLoginWithInvalidCredentials status=SUCCESS method=LoginPageTest.verifyUserLoginWithInvalidCredentials(java.lang.String,java.lang.String)[pri:0, instance:com.qalegend.tests.LoginPageTest@4a003cbe] output={null}]]]>
              </value>
            </param>
          </params>
          <reporter-output>
          </reporter-output>
        </test-method> <!-- closeBrowser -->
        <test-method is-config="true" signature="setup(java.lang.String,java.lang.String)[pri:0, instance:com.qalegend.tests.LoginPageTest@4a003cbe]" started-at="2024-06-21T10:07:10 IST" name="setup" finished-at="2024-06-21T10:07:22 IST" duration-ms="12196" status="PASS">
          <params>
            <param index="0">
              <value>
                <![CDATA[Chrome]]>
              </value>
            </param>
            <param index="1">
              <value>
                <![CDATA[https://qalegend.com/billing/public/login]]>
              </value>
            </param>
          </params>
          <reporter-output>
          </reporter-output>
        </test-method> <!-- setup -->
        <test-method signature="verifyUserLoginWithInvalidCredentials(java.lang.String,java.lang.String)[pri:0, instance:com.qalegend.tests.LoginPageTest@4a003cbe]" started-at="2024-06-21T10:07:22 IST" name="verifyUserLoginWithInvalidCredentials" description="Verification of User login with invalid credentials" data-provider="InvalidLoginUserCredentials" finished-at="2024-06-21T10:07:23 IST" duration-ms="880" status="PASS">
          <params>
            <param index="0">
              <value>
                <![CDATA[admi]]>
              </value>
            </param>
            <param index="1">
              <value>
                <![CDATA[arun@1234]]>
              </value>
            </param>
          </params>
          <reporter-output>
          </reporter-output>
        </test-method> <!-- verifyUserLoginWithInvalidCredentials -->
        <test-method is-config="true" signature="closeBrowser(org.testng.ITestResult)[pri:0, instance:com.qalegend.tests.LoginPageTest@4a003cbe]" started-at="2024-06-21T10:07:23 IST" name="closeBrowser" finished-at="2024-06-21T10:07:23 IST" duration-ms="197" status="PASS">
          <params>
            <param index="0">
              <value>
                <![CDATA[[TestResult name=verifyUserLoginWithInvalidCredentials status=SUCCESS method=LoginPageTest.verifyUserLoginWithInvalidCredentials(java.lang.String,java.lang.String)[pri:0, instance:com.qalegend.tests.LoginPageTest@4a003cbe] output={null}]]]>
              </value>
            </param>
          </params>
          <reporter-output>
          </reporter-output>
        </test-method> <!-- closeBrowser -->
      </class> <!-- com.qalegend.tests.LoginPageTest -->
      <class name="com.qalegend.tests.UsersPageTest">
        <test-method is-config="true" signature="setup(java.lang.String,java.lang.String)[pri:0, instance:com.qalegend.tests.UsersPageTest@2ab4bc72]" started-at="2024-06-21T10:08:16 IST" name="setup" finished-at="2024-06-21T10:08:24 IST" duration-ms="8453" status="PASS">
          <params>
            <param index="0">
              <value>
                <![CDATA[Chrome]]>
              </value>
            </param>
            <param index="1">
              <value>
                <![CDATA[https://qalegend.com/billing/public/login]]>
              </value>
            </param>
          </params>
          <reporter-output>
          </reporter-output>
        </test-method> <!-- setup -->
        <test-method signature="verifyAddUser()[pri:0, instance:com.qalegend.tests.UsersPageTest@2ab4bc72]" started-at="2024-06-21T10:08:24 IST" name="verifyAddUser" description="Verification of new user addition" finished-at="2024-06-21T10:08:34 IST" duration-ms="9158" status="PASS">
          <reporter-output>
          </reporter-output>
        </test-method> <!-- verifyAddUser -->
        <test-method is-config="true" signature="closeBrowser(org.testng.ITestResult)[pri:0, instance:com.qalegend.tests.UsersPageTest@2ab4bc72]" started-at="2024-06-21T10:08:34 IST" name="closeBrowser" finished-at="2024-06-21T10:08:34 IST" duration-ms="211" status="PASS">
          <params>
            <param index="0">
              <value>
                <![CDATA[[TestResult name=verifyAddUser status=SUCCESS method=UsersPageTest.verifyAddUser()[pri:0, instance:com.qalegend.tests.UsersPageTest@2ab4bc72] output={null}]]]>
              </value>
            </param>
          </params>
          <reporter-output>
          </reporter-output>
        </test-method> <!-- closeBrowser -->
        <test-method is-config="true" signature="setup(java.lang.String,java.lang.String)[pri:0, instance:com.qalegend.tests.UsersPageTest@2ab4bc72]" started-at="2024-06-21T10:08:34 IST" name="setup" finished-at="2024-06-21T10:08:41 IST" duration-ms="7147" status="PASS">
          <params>
            <param index="0">
              <value>
                <![CDATA[Chrome]]>
              </value>
            </param>
            <param index="1">
              <value>
                <![CDATA[https://qalegend.com/billing/public/login]]>
              </value>
            </param>
          </params>
          <reporter-output>
          </reporter-output>
        </test-method> <!-- setup -->
        <test-method signature="veriyLoginWithNewlyAddedUser()[pri:0, instance:com.qalegend.tests.UsersPageTest@2ab4bc72]" started-at="2024-06-21T10:08:41 IST" name="veriyLoginWithNewlyAddedUser" description="Verification of login with new user" finished-at="2024-06-21T10:08:53 IST" duration-ms="12143" status="PASS">
          <reporter-output>
          </reporter-output>
        </test-method> <!-- veriyLoginWithNewlyAddedUser -->
        <test-method is-config="true" signature="closeBrowser(org.testng.ITestResult)[pri:0, instance:com.qalegend.tests.UsersPageTest@2ab4bc72]" started-at="2024-06-21T10:08:53 IST" name="closeBrowser" finished-at="2024-06-21T10:08:53 IST" duration-ms="248" status="PASS">
          <params>
            <param index="0">
              <value>
                <![CDATA[[TestResult name=veriyLoginWithNewlyAddedUser status=SUCCESS method=UsersPageTest.veriyLoginWithNewlyAddedUser()[pri:0, instance:com.qalegend.tests.UsersPageTest@2ab4bc72] output={null}]]]>
              </value>
            </param>
          </params>
          <reporter-output>
          </reporter-output>
        </test-method> <!-- closeBrowser -->
      </class> <!-- com.qalegend.tests.UsersPageTest -->
    </test> <!-- QaLegend Test -->
  </suite> <!-- QaLegend Suite -->
</testng-results>
